Сборка начата 27.09.2024 19:28:46.
Уровень детализации журнала: Normal.     1>Проект "D:\labs\kpo\2sem\SELab16\SELab16\SELab16.vcxproj" в узле 2 (целевые объекты Build).
     1>PrepareForBuild:
         Структурированный вывод включен. Форматирование диагностики компилятора будет отражать иерархию ошибок. Подробнее см. https://aka.ms/cpp/structured-output.
       InitializeBuildStatus:
         Создание "x64\Debug\SELab16.tlog\unsuccessfulbuild", так как было задано "AlwaysCreate".
         Обращение к "x64\Debug\SELab16.tlog\unsuccessfulbuild".
       ClCompile:
         D:\Visual Studio\2022\Community\VC\Tools\MSVC\14.38.33130\bin\HostX64\x64\CL.exe /c /ZI /JMC /nologo /W3 /WX- /diagnostics:column /sdl /Od /D _DEBUG /D _CONSOLE /D _UNICODE /D UNICODE /Gm- /EHsc /RTC1 /MDd /GS /fp:precise /Zc:wchar_t /Zc:forScope /Zc:inline /permissive- /Fo"x64\Debug\\" /Fd"x64\Debug\vc143.pdb" /external:W3 /Gd /TP /FC /errorReport:prompt SELab16.cpp
         SELab16.cpp
       Link:
         D:\Visual Studio\2022\Community\VC\Tools\MSVC\14.38.33130\bin\HostX64\x64\link.exe /ERRORREPORT:PROMPT /OUT:"D:\labs\kpo\2sem\SELab16\x64\Debug\SELab16.exe" /INCREMENTAL /ILK:"x64\Debug\SELab16.ilk" /NOLOGO kernel32.lib user32.lib gdi32.lib winspool.lib comdlg32.lib advapi32.lib shell32.lib ole32.lib oleaut32.lib uuid.lib odbc32.lib odbccp32.lib /MANIFEST /MANIFESTUAC:"level='asInvoker' uiAccess='false'" /manifest:embed /DEBUG /PDB:"D:\labs\kpo\2sem\SELab16\x64\Debug\SELab16.pdb" /SUBSYSTEM:CONSOLE /TLBID:1 /DYNAMICBASE /NXCOMPAT /IMPLIB:"D:\labs\kpo\2sem\SELab16\x64\Debug\SELab16.lib" /MACHINE:X64 x64\Debug\FST.obj
         x64\Debug\SELab16.obj
         SELab16.vcxproj -> D:\labs\kpo\2sem\SELab16\x64\Debug\SELab16.exe
       FinalizeBuildStatus:
         Файл "x64\Debug\SELab16.tlog\unsuccessfulbuild" удаляется.
         Обращение к "x64\Debug\SELab16.tlog\SELab16.lastbuildstate".
     1>Сборка проекта "D:\labs\kpo\2sem\SELab16\SELab16\SELab16.vcxproj" завершена (целевые объекты Build).

Сборка успешно завершена.
    Предупреждений: 0
    Ошибок: 0

Прошло времени 00:00:01.29
