Сборка начата 15.10.2024 23:10:02.
Уровень детализации журнала: Normal.     1>Проект "D:\labs\kpo\2sem\SELab17\SELab17\SELab17.vcxproj" в узле 2 (целевые объекты Build).
     1>PrepareForBuild:
         Структурированный вывод включен. Форматирование диагностики компилятора будет отражать иерархию ошибок. Подробнее см. https://aka.ms/cpp/structured-output.
       InitializeBuildStatus:
         Создание "x64\Debug\SELab17.tlog\unsuccessfulbuild", так как было задано "AlwaysCreate".
         Обращение к "x64\Debug\SELab17.tlog\unsuccessfulbuild".
       ClCompile:
         D:\Visual Studio\2022\Community\VC\Tools\MSVC\14.38.33130\bin\HostX64\x64\CL.exe /c /ZI /JMC /nologo /W3 /WX- /diagnostics:column /sdl /Od /D _DEBUG /D _CONSOLE /D _UNICODE /D UNICODE /Gm- /EHsc /RTC1 /MDd /GS /fp:precise /Zc:wchar_t /Zc:forScope /Zc:inline /permissive- /Fo"x64\Debug\\" /Fd"x64\Debug\vc143.pdb" /external:W3 /Gd /TP /FC /errorReport:prompt Analysis.cpp
         Analysis.cpp
     1>D:\labs\kpo\2sem\SELab17\SELab17\Analysis.cpp(481,56): warning C4267: =: преобразование из "size_t" в "char"; возможна потеря данных
     1>D:\labs\kpo\2sem\SELab17\SELab17\Analysis.cpp(513,56): warning C4267: =: преобразование из "size_t" в "char"; возможна потеря данных
       Link:
         D:\Visual Studio\2022\Community\VC\Tools\MSVC\14.38.33130\bin\HostX64\x64\link.exe /ERRORREPORT:PROMPT /OUT:"D:\labs\kpo\2sem\SELab17\x64\Debug\SELab17.exe" /INCREMENTAL /ILK:"x64\Debug\SELab17.ilk" /NOLOGO kernel32.lib user32.lib gdi32.lib winspool.lib comdlg32.lib advapi32.lib shell32.lib ole32.lib oleaut32.lib uuid.lib odbc32.lib odbccp32.lib /MANIFEST /MANIFESTUAC:"level='asInvoker' uiAccess='false'" /manifest:embed /DEBUG /PDB:"D:\labs\kpo\2sem\SELab17\x64\Debug\SELab17.pdb" /SUBSYSTEM:CONSOLE /TLBID:1 /DYNAMICBASE /NXCOMPAT /IMPLIB:"D:\labs\kpo\2sem\SELab17\x64\Debug\SELab17.lib" /MACHINE:X64 x64\Debug\Analysis.obj
         x64\Debug\Error.obj
         x64\Debug\FST.obj
         x64\Debug\In.obj
         x64\Debug\IT.obj
         x64\Debug\Log.obj
         x64\Debug\LT.obj
         x64\Debug\Out.obj
         x64\Debug\Parm.obj
         x64\Debug\SELab17.obj
         SELab17.vcxproj -> D:\labs\kpo\2sem\SELab17\x64\Debug\SELab17.exe
       FinalizeBuildStatus:
         Файл "x64\Debug\SELab17.tlog\unsuccessfulbuild" удаляется.
         Обращение к "x64\Debug\SELab17.tlog\SELab17.lastbuildstate".
     1>Сборка проекта "D:\labs\kpo\2sem\SELab17\SELab17\SELab17.vcxproj" завершена (целевые объекты Build).

Сборка успешно завершена.

       "D:\labs\kpo\2sem\SELab17\SELab17\SELab17.vcxproj" (целевой объект Build ) (1) ->
       (Целевой объект ClCompile) -> 
         D:\labs\kpo\2sem\SELab17\SELab17\Analysis.cpp(481,56): warning C4267: =: преобразование из "size_t" в "char"; возможна потеря данных
         D:\labs\kpo\2sem\SELab17\SELab17\Analysis.cpp(513,56): warning C4267: =: преобразование из "size_t" в "char"; возможна потеря данных

    Предупреждений: 2
    Ошибок: 0

Прошло времени 00:00:00.84
